Feb 5, 2013 6:52:51 PM org.apache.catalina.core.AprLifecycleListener init
INFO: The APR based Apache Tomcat Native library which allows optimal performance in production environments was not found on the java.library.path: .:/Library/Java/Extensions:/System/Library/Java/Extensions:/usr/lib/java
Feb 5, 2013 6:52:52 PM org.apache.coyote.http11.Http11Protocol init
INFO: Initializing Coyote HTTP/1.1 on http-8080
Feb 5, 2013 6:52:52 PM org.apache.catalina.startup.Catalina load
INFO: Initialization processed in 755 ms
Feb 5, 2013 6:52:52 PM org.apache.catalina.core.StandardService start
INFO: Starting service Catalina
Feb 5, 2013 6:52:52 PM org.apache.catalina.core.StandardEngine start
INFO: Starting Servlet Engine: Apache Tomcat/6.0.35
Feb 5, 2013 6:52:52 PM org.apache.catalina.startup.HostConfig deployDirectory
INFO: Deploying web application directory docs
Feb 5, 2013 6:52:52 PM org.apache.catalina.startup.HostConfig deployDirectory
INFO: Deploying web application directory examples
Feb 5, 2013 6:52:52 PM org.apache.catalina.startup.HostConfig deployDirectory
INFO: Deploying web application directory host-manager
Feb 5, 2013 6:52:52 PM org.apache.catalina.startup.HostConfig deployDirectory
INFO: Deploying web application directory manager
Feb 5, 2013 6:52:52 PM org.apache.catalina.startup.HostConfig deployDirectory
INFO: Deploying web application directory ROOT
Feb 5, 2013 6:52:52 PM org.apache.coyote.http11.Http11Protocol start
INFO: Starting Coyote HTTP/1.1 on http-8080
Feb 5, 2013 6:52:52 PM org.apache.jk.common.ChannelSocket init
INFO: JK: ajp13 listening on /0.0.0.0:8009
Feb 5, 2013 6:52:52 PM org.apache.jk.server.JkMain start
INFO: Jk running ID=0 time=0/23  config=null
Feb 5, 2013 6:52:52 PM org.apache.catalina.startup.Catalina start
INFO: Server startup in 662 ms
Feb 5, 2013 6:53:22 PM org.apache.catalina.startup.HostConfig deployWAR
INFO: Deploying web application archive fra2015.war
Feb 5, 2013 6:53:26 PM org.apache.catalina.loader.WebappClassLoader validateJarFile
INFO: validateJarFile(/Users/marco/Work/GeoSolutions/fra2015/apache-tomcat-6.0.35/webapps/fra2015/WEB-INF/lib/javax.servlet-api-3.0.1.jar) - jar not loaded. See Servlet Spec 2.3, section 9.7.2. Offending class: javax/servlet/Servlet.class
