Feb 5, 2013 6:52:51 PM org.apache.catalina.core.AprLifecycleListener init
INFO: The APR based Apache Tomcat Native library which allows optimal performance in production environments was not found on the java.library.path: .:/Library/Java/Extensions:/System/Library/Java/Extensions:/usr/lib/java
Feb 5, 2013 6:52:52 PM org.apache.coyote.http11.Http11Protocol init
INFO: Initializing Coyote HTTP/1.1 on http-8080
Feb 5, 2013 6:52:52 PM org.apache.catalina.startup.Catalina load
INFO: Initialization processed in 755 ms
Feb 5, 2013 6:52:52 PM org.apache.catalina.core.StandardService start
INFO: Starting service Catalina
Feb 5, 2013 6:52:52 PM org.apache.catalina.core.StandardEngine start
INFO: Starting Servlet Engine: Apache Tomcat/6.0.35
Feb 5, 2013 6:52:52 PM org.apache.catalina.startup.HostConfig deployDirectory
INFO: Deploying web application directory docs
Feb 5, 2013 6:52:52 PM org.apache.catalina.startup.HostConfig deployDirectory
INFO: Deploying web application directory examples
Feb 5, 2013 6:52:52 PM org.apache.catalina.startup.HostConfig deployDirectory
INFO: Deploying web application directory host-manager
Feb 5, 2013 6:52:52 PM org.apache.catalina.startup.HostConfig deployDirectory
INFO: Deploying web application directory manager
Feb 5, 2013 6:52:52 PM org.apache.catalina.startup.HostConfig deployDirectory
INFO: Deploying web application directory ROOT
Feb 5, 2013 6:52:52 PM org.apache.coyote.http11.Http11Protocol start
INFO: Starting Coyote HTTP/1.1 on http-8080
Feb 5, 2013 6:52:52 PM org.apache.jk.common.ChannelSocket init
INFO: JK: ajp13 listening on /0.0.0.0:8009
Feb 5, 2013 6:52:52 PM org.apache.jk.server.JkMain start
INFO: Jk running ID=0 time=0/23  config=null
Feb 5, 2013 6:52:52 PM org.apache.catalina.startup.Catalina start
INFO: Server startup in 662 ms
Feb 5, 2013 6:53:22 PM org.apache.catalina.startup.HostConfig deployWAR
INFO: Deploying web application archive fra2015.war
Feb 5, 2013 6:53:26 PM org.apache.catalina.loader.WebappClassLoader validateJarFile
INFO: validateJarFile(/Users/marco/Work/GeoSolutions/fra2015/apache-tomcat-6.0.35/webapps/fra2015/WEB-INF/lib/javax.servlet-api-3.0.1.jar) - jar not loaded. See Servlet Spec 2.3, section 9.7.2. Offending class: javax/servlet/Servlet.class
INFO 2013-02-05 18:53:26.356 org.springframework.web.context.ContextLoader::initWebApplicationContext:187 - Root WebApplicationContext: initialization started
INFO 2013-02-05 18:53:26.396 org.springframework.web.context.support.XmlWebApplicationContext::prepareRefresh:456 - Refreshing Root WebApplicationContext: startup date [Tue Feb 05 18:53:26 CET 2013]; root of context hierarchy
INFO 2013-02-05 18:53:26.498 org.springframework.beans.factory.xml.XmlBeanDefinitionReader::loadBeanDefinitions:315 - Loading XML bean definitions from URL [file:/Users/marco/Work/GeoSolutions/fra2015/apache-tomcat-6.0.35/webapps/fra2015/WEB-INF/classes/applicationContext.xml]
INFO 2013-02-05 18:53:27.088 org.springframework.beans.factory.xml.XmlBeanDefinitionReader::loadBeanDefinitions:315 - Loading XML bean definitions from URL [jar:file:/Users/marco/Work/GeoSolutions/fra2015/apache-tomcat-6.0.35/webapps/fra2015/WEB-INF/lib/fra2015-persistence-1.2-SNAPSHOT.jar!/applicationContext.xml]
INFO 2013-02-05 18:53:27.139 org.springframework.beans.factory.xml.XmlBeanDefinitionReader::loadBeanDefinitions:315 - Loading XML bean definitions from URL [jar:file:/Users/marco/Work/GeoSolutions/fra2015/apache-tomcat-6.0.35/webapps/fra2015/WEB-INF/lib/fra2015-persistence-1.2-SNAPSHOT.jar!/applicationContext-fra2015Datasource.xml]
INFO 2013-02-05 18:53:27.228 org.springframework.beans.factory.xml.XmlBeanDefinitionReader::loadBeanDefinitions:315 - Loading XML bean definitions from URL [jar:file:/Users/marco/Work/GeoSolutions/fra2015/apache-tomcat-6.0.35/webapps/fra2015/WEB-INF/lib/fra2015-rest-impl-1.2-SNAPSHOT.jar!/applicationContext.xml]
INFO 2013-02-05 18:53:27.276 org.springframework.beans.factory.xml.XmlBeanDefinitionReader::loadBeanDefinitions:315 - Loading XML bean definitions from class path resource [META-INF/cxf/cxf.xml]
INFO 2013-02-05 18:53:27.309 org.springframework.beans.factory.xml.XmlBeanDefinitionReader::loadBeanDefinitions:315 - Loading XML bean definitions from class path resource [META-INF/cxf/cxf-servlet.xml]
INFO 2013-02-05 18:53:27.382 org.springframework.beans.factory.xml.XmlBeanDefinitionReader::loadBeanDefinitions:315 - Loading XML bean definitions from class path resource [META-INF/cxf/cxf-extension-http.xml]
INFO 2013-02-05 18:53:27.409 org.springframework.beans.factory.xml.XmlBeanDefinitionReader::loadBeanDefinitions:315 - Loading XML bean definitions from class path resource [META-INF/cxf/cxf-extension-jaxrs-binding.xml]
INFO 2013-02-05 18:53:27.603 org.springframework.beans.factory.xml.XmlBeanDefinitionReader::loadBeanDefinitions:315 - Loading XML bean definitions from URL [jar:file:/Users/marco/Work/GeoSolutions/fra2015/apache-tomcat-6.0.35/webapps/fra2015/WEB-INF/lib/fra2015-services-impl-1.2-SNAPSHOT.jar!/applicationContext.xml]
INFO 2013-02-05 18:53:28.068 org.springframework.beans.factory.config.PropertyPlaceholderConfigurer::loadProperties:177 - Loading properties file from class path resource [fra2015-datasource.dummy.properties]
INFO 2013-02-05 18:53:28.075 org.springframework.beans.factory.config.PropertyOverrideConfigurer::loadProperties:177 - Loading properties file from URL [jar:file:/Users/marco/Work/GeoSolutions/fra2015/apache-tomcat-6.0.35/webapps/fra2015/WEB-INF/lib/fra2015-persistence-1.2-SNAPSHOT.jar!/fra2015-datasource-ovr.properties]
INFO 2013-02-05 18:53:28.076 org.springframework.beans.factory.config.PropertyOverrideConfigurer::loadProperties:177 - Loading properties file from ServletContext resource [/${fra2015-ovr}]
WARN 2013-02-05 18:53:28.076 org.springframework.beans.factory.config.PropertyOverrideConfigurer::loadProperties:197 - Could not load properties from ServletContext resource [/${fra2015-ovr}]: Could not open ServletContext resource [/${fra2015-ovr}]
INFO 2013-02-05 18:53:28.164 org.springframework.beans.factory.support.DefaultListableBeanFactory::preInstantiateSingletons:555 - Pre-instantiating singletons in org.springframework.beans.factory.support.DefaultListableBeanFactory@24d37b87: defining beans [org.springframework.context.annotation.internalConfigurationAnnotationProcessor,org.springframework.context.annotation.internalAutowiredAnnotationProcessor,org.springframework.context.annotation.internalRequiredAnnotationProcessor,org.springframework.context.annotation.internalCommonAnnotationProcessor,org.springframework.context.annotation.internalPersistenceAnnotationProcessor,org.springframework.beans.factory.config.PropertyPlaceholderConfigurer#0,org.springframework.beans.factory.config.PropertyOverrideConfigurer#0,fra2015DataSource,fra2015EntityManagerFactory,fra2015VendorAdapter,fra2015TransactionManager,org.springframework.orm.jpa.support.PersistenceAnnotationBeanPostProcessor#0,org.springframework.aop.config.internalAutoProxyCreator,org.springframework.transaction.annotation.AnnotationTransactionAttributeSource#0,org.springframework.transaction.interceptor.TransactionInterceptor#0,org.springframework.transaction.config.internalTransactionAdvisor,fra2015SearchProcessor,fra2015MetadataUtil,userDAO,tokenDAO,surveyDAO,entryDAO,entryItemDAO,textValueDAO,numberValueDAO,cxf,org.apache.cxf.bus.spring.BusApplicationListener,org.apache.cxf.bus.spring.BusWiringBeanFactoryPostProcessor,org.apache.cxf.bus.spring.Jsr250BeanPostProcessor,org.apache.cxf.bus.spring.BusExtensionPostProcessor,org.apache.cxf.resource.ResourceManager,org.apache.cxf.configuration.Configurer,org.apache.cxf.binding.BindingFactoryManager,org.apache.cxf.transport.DestinationFactoryManager,org.apache.cxf.transport.ConduitInitiatorManager,org.apache.cxf.wsdl.WSDLManager,org.apache.cxf.phase.PhaseManager,org.apache.cxf.workqueue.WorkQueueManager,org.apache.cxf.buslifecycle.BusLifeCycleManager,org.apache.cxf.endpoint.ServerRegistry,org.apache.cxf.endpoint.ServerLifeCycleManager,org.apache.cxf.endpoint.ClientLifeCycleManager,org.apache.cxf.transports.http.QueryHandlerRegistry,org.apache.cxf.endpoint.EndpointResolverRegistry,org.apache.cxf.headers.HeaderManager,org.apache.cxf.catalog.OASISCatalogManager,org.apache.cxf.service.factory.FactoryBeanListenerManager,org.apache.cxf.endpoint.ServiceContractResolverRegistry,org.apache.cxf.transport.http.policy.HTTPClientAssertionBuilder,org.apache.cxf.transport.http.policy.HTTPServerAssertionBuilder,org.apache.cxf.transport.http.policy.NoOpPolicyInterceptorProvider,org.apache.cxf.transport.http.ClientOnlyHTTPTransportFactory,org.apache.cxf.transport.servlet.ServletTransportFactory,restUserService,restAuthentication,restSurvey,fra2015RESTUser,fra2015RESTAuth,fra2015RESTSurvey,jaxbXmlProvider,jsonProvider,jaxbContextResolver,userService,authenticationService,surveyService]; root of factory hierarchy
INFO 2013-02-05 18:53:28.296 org.springframework.orm.jpa.LocalContainerEntityManagerFactoryBean::createNativeEntityManagerFactory:221 - Building JPA container EntityManagerFactory for persistence unit 'fra2015'
INFO 2013-02-05 18:53:28.331 org.hibernate.cfg.annotations.Version::<clinit>:15 - Hibernate Annotations 3.3.1.GA
INFO 2013-02-05 18:53:28.344 org.hibernate.cfg.Environment::<clinit>:514 - Hibernate 3.2.6
INFO 2013-02-05 18:53:28.349 org.hibernate.cfg.Environment::<clinit>:547 - hibernate.properties not found
INFO 2013-02-05 18:53:28.353 org.hibernate.cfg.Environment::buildBytecodeProvider:681 - Bytecode provider name : cglib
INFO 2013-02-05 18:53:28.357 org.hibernate.cfg.Environment::<clinit>:598 - using JDK 1.4 java.sql.Timestamp handling
INFO 2013-02-05 18:53:28.425 org.hibernate.ejb.Version::<clinit>:15 - Hibernate EntityManager 3.3.2.GA
INFO 2013-02-05 18:53:28.442 org.hibernate.ejb.Ejb3Configuration::configure:315 - Processing PersistenceUnitInfo [
	name: fra2015
	...]
INFO 2013-02-05 18:53:28.612 org.hibernate.cfg.AnnotationBinder::bindClass:418 - Binding entity from annotated class: it.geosolutions.fra2015.server.model.user.User
INFO 2013-02-05 18:53:28.663 org.hibernate.cfg.annotations.EntityBinder::bindTable:424 - Bind entity it.geosolutions.fra2015.server.model.user.User on table fra_user
INFO 2013-02-05 18:53:28.739 org.hibernate.cfg.AnnotationBinder::bindClass:418 - Binding entity from annotated class: it.geosolutions.fra2015.server.model.user.Token
INFO 2013-02-05 18:53:28.740 org.hibernate.cfg.annotations.EntityBinder::bindTable:424 - Bind entity it.geosolutions.fra2015.server.model.user.Token on table fra_token
INFO 2013-02-05 18:53:28.755 org.hibernate.cfg.AnnotationBinder::bindClass:418 - Binding entity from annotated class: it.geosolutions.fra2015.server.model.survey.Element
INFO 2013-02-05 18:53:28.755 org.hibernate.cfg.annotations.EntityBinder::bindTable:424 - Bind entity it.geosolutions.fra2015.server.model.survey.Element on table Element
INFO 2013-02-05 18:53:28.763 org.hibernate.cfg.AnnotationBinder::bindClass:418 - Binding entity from annotated class: it.geosolutions.fra2015.server.model.survey.Entry
INFO 2013-02-05 18:53:28.764 org.hibernate.cfg.annotations.EntityBinder::bindTable:424 - Bind entity it.geosolutions.fra2015.server.model.survey.Entry on table fra_entry
INFO 2013-02-05 18:53:28.806 org.hibernate.cfg.AnnotationBinder::bindClass:418 - Binding entity from annotated class: it.geosolutions.fra2015.server.model.survey.EntryItem
INFO 2013-02-05 18:53:28.807 org.hibernate.cfg.annotations.EntityBinder::bindTable:424 - Bind entity it.geosolutions.fra2015.server.model.survey.EntryItem on table fra_entry_item
INFO 2013-02-05 18:53:28.809 org.hibernate.cfg.AnnotationBinder::bindClass:418 - Binding entity from annotated class: it.geosolutions.fra2015.server.model.survey.Value
INFO 2013-02-05 18:53:28.810 org.hibernate.cfg.annotations.EntityBinder::bindTable:424 - Bind entity it.geosolutions.fra2015.server.model.survey.Value on table Value
INFO 2013-02-05 18:53:28.813 org.hibernate.cfg.AnnotationBinder::bindClass:418 - Binding entity from annotated class: it.geosolutions.fra2015.server.model.survey.NumberValue
INFO 2013-02-05 18:53:28.814 org.hibernate.cfg.annotations.EntityBinder::bindTable:424 - Bind entity it.geosolutions.fra2015.server.model.survey.NumberValue on table fra_num_value
INFO 2013-02-05 18:53:28.815 org.hibernate.cfg.AnnotationBinder::bindClass:418 - Binding entity from annotated class: it.geosolutions.fra2015.server.model.survey.TextValue
INFO 2013-02-05 18:53:28.815 org.hibernate.cfg.annotations.EntityBinder::bindTable:424 - Bind entity it.geosolutions.fra2015.server.model.survey.TextValue on table fra_txt_value
INFO 2013-02-05 18:53:28.816 org.hibernate.cfg.AnnotationBinder::bindClass:418 - Binding entity from annotated class: it.geosolutions.fra2015.server.model.survey.Survey
INFO 2013-02-05 18:53:28.816 org.hibernate.cfg.annotations.EntityBinder::bindTable:424 - Bind entity it.geosolutions.fra2015.server.model.survey.Survey on table fra_survey
INFO 2013-02-05 18:53:28.828 org.hibernate.cfg.AnnotationBinder::bindClass:418 - Binding entity from annotated class: it.geosolutions.fra2015.server.model.survey.Session
INFO 2013-02-05 18:53:28.829 org.hibernate.cfg.annotations.EntityBinder::bindTable:424 - Bind entity it.geosolutions.fra2015.server.model.survey.Session on table Session
INFO 2013-02-05 18:53:28.831 org.hibernate.cfg.AnnotationBinder::bindClass:418 - Binding entity from annotated class: it.geosolutions.fra2015.server.model.survey.Question
INFO 2013-02-05 18:53:28.832 org.hibernate.cfg.annotations.EntityBinder::bindTable:424 - Bind entity it.geosolutions.fra2015.server.model.survey.Question on table Question
INFO 2013-02-05 18:53:28.882 org.hibernate.cfg.annotations.CollectionBinder::bindOneToManySecondPass:651 - Mapping collection: it.geosolutions.fra2015.server.model.survey.Entry.entryItems -> fra_entry_item
INFO 2013-02-05 18:53:28.884 org.hibernate.cfg.annotations.CollectionBinder::bindOneToManySecondPass:651 - Mapping collection: it.geosolutions.fra2015.server.model.survey.Survey.elements -> Element
INFO 2013-02-05 18:53:28.885 org.hibernate.cfg.annotations.CollectionBinder::bindOneToManySecondPass:651 - Mapping collection: it.geosolutions.fra2015.server.model.survey.Session.elements -> Element
INFO 2013-02-05 18:53:28.887 org.hibernate.cfg.AnnotationConfiguration::secondPassCompile:365 - Hibernate Validator not found: ignoring
INFO 2013-02-05 18:53:28.917 org.hibernate.connection.ConnectionProviderFactory::newConnectionProvider:72 - Initializing connection provider: org.hibernate.ejb.connection.InjectedDataSourceConnectionProvider
INFO 2013-02-05 18:53:28.920 org.hibernate.ejb.connection.InjectedDataSourceConnectionProvider::configure:38 - Using provided datasource
INFO 2013-02-05 18:53:29.291 HSQLDB3CAB7DBAA0.org.hsqldb.persist.Logger::logInfoEvent:? - Checkpoint start
INFO 2013-02-05 18:53:29.301 HSQLDB3CAB7DBAA0.org.hsqldb.persist.Logger::logInfoEvent:? - Checkpoint end
INFO 2013-02-05 18:53:29.315 org.hibernate.cfg.SettingsFactory::buildSettings:89 - RDBMS: HSQL Database Engine, version: 2.0.0
INFO 2013-02-05 18:53:29.316 org.hibernate.cfg.SettingsFactory::buildSettings:90 - JDBC driver: HSQL Database Engine Driver, version: 2.0.0
INFO 2013-02-05 18:53:29.330 org.hibernate.dialect.Dialect::<init>:152 - Using dialect: org.hibernate.dialect.H2Dialect
INFO 2013-02-05 18:53:29.336 org.hibernate.transaction.TransactionFactoryFactory::buildTransactionFactory:34 - Transaction strategy: org.hibernate.transaction.JDBCTransactionFactory
INFO 2013-02-05 18:53:29.337 org.hibernate.transaction.TransactionManagerLookupFactory::getTransactionManagerLookup:33 - No TransactionManagerLookup configured (in JTA environment, use of read-write or transactional second-level cache is not recommended)
INFO 2013-02-05 18:53:29.338 org.hibernate.cfg.SettingsFactory::buildSettings:143 - Automatic flush during beforeCompletion(): disabled
INFO 2013-02-05 18:53:29.338 org.hibernate.cfg.SettingsFactory::buildSettings:147 - Automatic session close at end of transaction: disabled
INFO 2013-02-05 18:53:29.338 org.hibernate.cfg.SettingsFactory::buildSettings:154 - JDBC batch size: 15
INFO 2013-02-05 18:53:29.339 org.hibernate.cfg.SettingsFactory::buildSettings:157 - JDBC batch updates for versioned data: disabled
INFO 2013-02-05 18:53:29.340 org.hibernate.cfg.SettingsFactory::buildSettings:162 - Scrollable result sets: enabled
INFO 2013-02-05 18:53:29.340 org.hibernate.cfg.SettingsFactory::buildSettings:170 - JDBC3 getGeneratedKeys(): enabled
INFO 2013-02-05 18:53:29.341 org.hibernate.cfg.SettingsFactory::buildSettings:178 - Connection release mode: auto
INFO 2013-02-05 18:53:29.341 org.hibernate.cfg.SettingsFactory::buildSettings:196 - Default schema: public
INFO 2013-02-05 18:53:29.342 org.hibernate.cfg.SettingsFactory::buildSettings:205 - Default batch fetch size: 1
INFO 2013-02-05 18:53:29.342 org.hibernate.cfg.SettingsFactory::buildSettings:209 - Generate SQL with comments: disabled
INFO 2013-02-05 18:53:29.343 org.hibernate.cfg.SettingsFactory::buildSettings:213 - Order SQL updates by primary key: disabled
INFO 2013-02-05 18:53:29.343 org.hibernate.cfg.SettingsFactory::buildSettings:217 - Order SQL inserts for batching: disabled
INFO 2013-02-05 18:53:29.343 org.hibernate.cfg.SettingsFactory::createQueryTranslatorFactory:386 - Query translator: org.hibernate.hql.ast.ASTQueryTranslatorFactory
INFO 2013-02-05 18:53:29.346 org.hibernate.hql.ast.ASTQueryTranslatorFactory::<init>:24 - Using ASTQueryTranslatorFactory
INFO 2013-02-05 18:53:29.346 org.hibernate.cfg.SettingsFactory::buildSettings:225 - Query language substitutions: {}
INFO 2013-02-05 18:53:29.346 org.hibernate.cfg.SettingsFactory::buildSettings:230 - JPA-QL strict compliance: enabled
INFO 2013-02-05 18:53:29.347 org.hibernate.cfg.SettingsFactory::buildSettings:235 - Second-level cache: enabled
INFO 2013-02-05 18:53:29.347 org.hibernate.cfg.SettingsFactory::buildSettings:239 - Query cache: disabled
INFO 2013-02-05 18:53:29.347 org.hibernate.cfg.SettingsFactory::createCacheProvider:373 - Cache provider: org.hibernate.cache.EhCacheProvider
INFO 2013-02-05 18:53:29.350 org.hibernate.cfg.SettingsFactory::buildSettings:254 - Optimize cache for minimal puts: disabled
INFO 2013-02-05 18:53:29.350 org.hibernate.cfg.SettingsFactory::buildSettings:263 - Structured second-level cache entries: disabled
INFO 2013-02-05 18:53:29.354 org.hibernate.cfg.SettingsFactory::buildSettings:283 - Echoing all SQL to stdout
INFO 2013-02-05 18:53:29.354 org.hibernate.cfg.SettingsFactory::buildSettings:290 - Statistics: disabled
INFO 2013-02-05 18:53:29.355 org.hibernate.cfg.SettingsFactory::buildSettings:294 - Deleted entity synthetic identifier rollback: disabled
INFO 2013-02-05 18:53:29.356 org.hibernate.cfg.SettingsFactory::buildSettings:309 - Default entity-mode: pojo
INFO 2013-02-05 18:53:29.356 org.hibernate.cfg.SettingsFactory::buildSettings:313 - Named query checking : enabled
INFO 2013-02-05 18:53:29.376 org.hibernate.impl.SessionFactoryImpl::<init>:161 - building session factory
WARN 2013-02-05 18:53:29.385 net.sf.ehcache.config.ConfigurationFactory::parseConfiguration:127 - No configuration found. Configuring ehcache from ehcache-failsafe.xml  found in the classpath: jar:file:/Users/marco/Work/GeoSolutions/fra2015/apache-tomcat-6.0.35/webapps/fra2015/WEB-INF/lib/ehcache-1.2.3.jar!/ehcache-failsafe.xml
WARN 2013-02-05 18:53:29.592 org.hibernate.cache.EhCacheProvider::buildCache:86 - Could not find configuration [gs_token]; using defaults.
WARN 2013-02-05 18:53:29.654 org.hibernate.cache.EhCacheProvider::buildCache:86 - Could not find configuration [gs_user]; using defaults.
INFO 2013-02-05 18:53:29.867 org.hibernate.impl.SessionFactoryObjectFactory::addInstance:82 - Not binding factory to JNDI, no JNDI name configured
INFO 2013-02-05 18:53:29.875 org.hibernate.tool.hbm2ddl.SchemaExport::execute:154 - Running hbm2ddl schema export
INFO 2013-02-05 18:53:29.876 org.hibernate.tool.hbm2ddl.SchemaExport::execute:179 - exporting generated schema to database
INFO 2013-02-05 18:53:29.902 org.hibernate.tool.hbm2ddl.SchemaExport::execute:196 - schema export complete
INFO 2013-02-05 18:53:30.558 org.apache.cxf.endpoint.ServerImpl::initDestination:93 - Setting the server's publish address to be /users
INFO 2013-02-05 18:53:30.662 org.apache.cxf.endpoint.ServerImpl::initDestination:93 - Setting the server's publish address to be /auth
INFO 2013-02-05 18:53:30.671 org.apache.cxf.endpoint.ServerImpl::initDestination:93 - Setting the server's publish address to be /survey
INFO 2013-02-05 18:53:30.904 org.springframework.web.context.ContextLoader::initWebApplicationContext:214 - Root WebApplicationContext: initialization completed in 4546 ms
INFO 2013-02-05 18:53:30.908 org.apache.cxf.transport.servlet.AbstractCXFServlet::updateContext:139 - Load the bus with application context
INFO 2013-02-05 18:53:30.912 org.apache.cxf.bus.spring.BusApplicationContext::prepareRefresh:456 - Refreshing org.apache.cxf.bus.spring.BusApplicationContext@6bd8c046: startup date [Tue Feb 05 18:53:30 CET 2013]; parent: Root WebApplicationContext
INFO 2013-02-05 18:53:30.941 org.springframework.beans.factory.support.DefaultListableBeanFactory::preInstantiateSingletons:555 - Pre-instantiating singletons in org.springframework.beans.factory.support.DefaultListableBeanFactory@5b489c06: defining beans []; parent: org.springframework.beans.factory.support.DefaultListableBeanFactory@24d37b87
INFO 2013-02-05 18:53:30.955 org.apache.cxf.transport.servlet.AbstractCXFServlet::replaceDestinationFactory:115 - Servlet transport factory already registered 
